Using pre-set license
Built from '2020.3/staging' branch; Version is '2020.3.21f1 (a38c86f6690f) revision 10718342'; Using compiler version '192528614'; Build Type 'Release'
OS: 'Windows 10 Pro; OS build 19043.1288; Version 2009; 64bit' Language: 'en' Physical Memory: 16333 MB
BatchMode: 1, IsHumanControllingUs: 0, StartBugReporterOnCrash: 0, Is64bit: 1, IsPro: 0

COMMAND LINE ARGUMENTS:
C:\Program Files\Unity\Hub\Editor\2020.3.21f1\Editor\Unity.exe
-adb2
-batchMode
-noUpm
-name
AssetImportWorker0
-projectPath
S:/GitHub/SoundDesignBA3
-logFile
Logs/AssetImportWorker0.log
-srvPort
59152
Successfully changed project path to: S:/GitHub/SoundDesignBA3
S:/GitHub/SoundDesignBA3
Using Asset Import Pipeline V2.
Refreshing native plugins compatible for Editor in 44.72 ms, found 2 plugins.
Preloading 0 native plugins for Editor in 0.00 ms.
Initialize engine version: 2020.3.21f1 (a38c86f6690f)
[Subsystems] Discovering subsystems at path C:/Program Files/Unity/Hub/Editor/2020.3.21f1/Editor/Data/Resources/UnitySubsystems
[Subsystems] Discovering subsystems at path S:/GitHub/SoundDesignBA3/Assets
GfxDevice: creating device client; threaded=0
Direct3D:
    Version:  Direct3D 11.0 [level 11.1]
    Renderer: NVIDIA GeForce GTX 1660 SUPER (ID=0x21c4)
    Vendor:   
    VRAM:     5991 MB
    Driver:   30.0.14.9613
Initialize mono
Mono path[0] = 'C:/Program Files/Unity/Hub/Editor/2020.3.21f1/Editor/Data/Managed'
Mono path[1] = 'C:/Program Files/Unity/Hub/Editor/2020.3.21f1/Editor/Data/MonoBleedingEdge/lib/mono/unityjit'
Mono config path = 'C:/Program Files/Unity/Hub/Editor/2020.3.21f1/Editor/Data/MonoBleedingEdge/etc'
Using monoOptions --debugger-agent=transport=dt_socket,embedding=1,server=y,suspend=n,address=127.0.0.1:56540
Begin MonoManager ReloadAssembly
Registering precompiled unity dll's ...
Register platform support module: C:/Program Files/Unity/Hub/Editor/2020.3.21f1/Editor/Data/PlaybackEngines/WindowsStandaloneSupport/UnityEditor.WindowsStandalone.Extensions.dll
Registered in 0.001707 seconds.
Native extension for WindowsStandalone target not found
Refreshing native plugins compatible for Editor in 50.34 ms, found 2 plugins.
Preloading 0 native plugins for Editor in 0.00 ms.
Mono: successfully reloaded assembly
- Completed reload, in  1.027 seconds
Domain Reload Profiling:
	ReloadAssembly (1027ms)
		BeginReloadAssembly (71ms)
			ExecutionOrderSort (0ms)
			DisableScriptedObjects (0ms)
			BackupInstance (0ms)
			ReleaseScriptingObjects (0ms)
			CreateAndSetChildDomain (1ms)
		EndReloadAssembly (451ms)
			LoadAssemblies (68ms)
			RebuildTransferFunctionScriptingTraits (0ms)
			SetupTypeCache (154ms)
			ReleaseScriptCaches (0ms)
			RebuildScriptCaches (27ms)
			SetupLoadedEditorAssemblies (173ms)
				LogAssemblyErrors (0ms)
				InitializePlatformSupportModulesInManaged (3ms)
				SetLoadedEditorAssemblies (0ms)
				RefreshPlugins (50ms)
				BeforeProcessingInitializeOnLoad (16ms)
				ProcessInitializeOnLoadAttributes (76ms)
				ProcessInitializeOnLoadMethodAttributes (27ms)
				AfterProcessingInitializeOnLoad (0ms)
				EditorAssembliesLoaded (0ms)
			ExecutionOrderSort2 (0ms)
			AwakeInstancesAfterBackupRestoration (0ms)
Platform modules already initialized, skipping
Registering precompiled user dll's ...
Registered in 0.002848 seconds.
Begin MonoManager ReloadAssembly
Native extension for WindowsStandalone target not found
Refreshing native plugins compatible for Editor in 0.70 ms, found 2 plugins.
Preloading 0 native plugins for Editor in 0.00 ms.
Mono: successfully reloaded assembly
- Completed reload, in  1.014 seconds
Domain Reload Profiling:
	ReloadAssembly (1015ms)
		BeginReloadAssembly (133ms)
			ExecutionOrderSort (0ms)
			DisableScriptedObjects (4ms)
			BackupInstance (0ms)
			ReleaseScriptingObjects (0ms)
			CreateAndSetChildDomain (17ms)
		EndReloadAssembly (814ms)
			LoadAssemblies (77ms)
			RebuildTransferFunctionScriptingTraits (0ms)
			SetupTypeCache (317ms)
			ReleaseScriptCaches (1ms)
			RebuildScriptCaches (51ms)
			SetupLoadedEditorAssemblies (270ms)
				LogAssemblyErrors (0ms)
				InitializePlatformSupportModulesInManaged (6ms)
				SetLoadedEditorAssemblies (0ms)
				RefreshPlugins (1ms)
				BeforeProcessingInitializeOnLoad (73ms)
				ProcessInitializeOnLoadAttributes (177ms)
				ProcessInitializeOnLoadMethodAttributes (7ms)
				AfterProcessingInitializeOnLoad (6ms)
				EditorAssembliesLoaded (0ms)
			ExecutionOrderSort2 (0ms)
			AwakeInstancesAfterBackupRestoration (7ms)
Platform modules already initialized, skipping
========================================================================
Worker process is ready to serve import requests
Launched and connected shader compiler UnityShaderCompiler.exe after 0.05 seconds
Refreshing native plugins compatible for Editor in 0.51 ms, found 2 plugins.
Preloading 0 native plugins for Editor in 0.00 ms.
Unloading 1813 Unused Serialized files (Serialized files now loaded: 0)
System memory in use before: 92.9 MB.
System memory in use after: 93.0 MB.

Unloading 19 unused Assets to reduce memory usage. Loaded Objects now: 2248.
Total: 2.740800 ms (FindLiveObjects: 0.209800 ms CreateObjectMapping: 0.038900 ms MarkObjects: 2.431900 ms  DeleteObjects: 0.059000 ms)

AssetImportParameters requested are different than current active one (requested -> active):
  custom:framework-win-MediaFoundation: 216162199b28c13a410421893ffa2e32 -> 
  custom:video-decoder-ogg-theora: a1e56fd34408186e4bbccfd4996cb3dc -> 
  custom:container-muxer-webm: aa71ff27fc2769a1b78a27578f13a17b -> 
  custom:container-demuxer-webm: 4f35f7cbe854078d1ac9338744f61a02 -> 
  custom:container-demuxer-ogg: 62fdf1f143b41e24485cea50d1cbac27 -> 
  custom:video-encoder-webm-vp8: eb34c28f22e8b96e1ab97ce403110664 -> 
  custom:video-decoder-webm-vp8: 9c59270c3fd7afecdb556c50c9e8de78 -> 
  custom:audio-decoder-ogg-vorbis: bf7c407c2cedff20999df2af8eb42d56 -> 
  custom:audio-encoder-webm-vorbis: bf7c407c2cedff20999df2af8eb42d56 -> 
========================================================================
Received Import Request.
  path: Assets/Scenes/Game.unity
  artifactKey: Guid(9fc0d4010bbf28b4594072e72b8655ab) Importer(815301076,1909f56bfc062723c751e8b465ee728b)
Start importing Assets/Scenes/Game.unity using Guid(9fc0d4010bbf28b4594072e72b8655ab) Importer(815301076,1909f56bfc062723c751e8b465ee728b)  -> (artifact id: 'f683c68dd7c7fb39fd59da864c969e98') in 0.024291 seconds 
  Import took 0.027245 seconds .

========================================================================
Received Import Request.
  Time since last request: 7929.440604 seconds.
  path: Assets/Assets/House/Slavic World Free/Resources/LOD3/EA03_Prop_Shelf_01c.fbx
  artifactKey: Guid(b7d00c90d4fec2a49aada1bebaa7a495) Importer(815301076,1909f56bfc062723c751e8b465ee728b)
Start importing Assets/Assets/House/Slavic World Free/Resources/LOD3/EA03_Prop_Shelf_01c.fbx using Guid(b7d00c90d4fec2a49aada1bebaa7a495) Importer(815301076,1909f56bfc062723c751e8b465ee728b)  -> (artifact id: 'c1d5c03b3d4bc1407f0c3e77eb09eae7') in 0.329216 seconds 
  Import took 0.382973 seconds .

========================================================================
Received Import Request.
  Time since last request: 0.000188 seconds.
  path: Assets/Assets/House/Slavic World Free/Resources/LOD3/EA_Prop_Hunter_Animal_Trophy_01a.fbx
  artifactKey: Guid(a2f9d8f2d3e86874c8cb739deca457ad) Importer(815301076,1909f56bfc062723c751e8b465ee728b)
Start importing Assets/Assets/House/Slavic World Free/Resources/LOD3/EA_Prop_Hunter_Animal_Trophy_01a.fbx using Guid(a2f9d8f2d3e86874c8cb739deca457ad) Importer(815301076,1909f56bfc062723c751e8b465ee728b)  -> (artifact id: 'cfe2528dd52a8a299b91fa2b544da563') in 0.056082 seconds 
  Import took 0.059028 seconds .

========================================================================
Received Import Request.
  Time since last request: 0.000204 seconds.
  path: Assets/Assets/House/Slavic World Free/Resources/LOD3/EA03_Prop_Tool_Pick_01a.fbx
  artifactKey: Guid(4add47ba41295f942a4619be44d62f7d) Importer(815301076,1909f56bfc062723c751e8b465ee728b)
Start importing Assets/Assets/House/Slavic World Free/Resources/LOD3/EA03_Prop_Tool_Pick_01a.fbx using Guid(4add47ba41295f942a4619be44d62f7d) Importer(815301076,1909f56bfc062723c751e8b465ee728b)  -> (artifact id: '75409c9037d85c7226954587851d7e64') in 0.055979 seconds 
  Import took 0.059858 seconds .

========================================================================
Received Import Request.
  Time since last request: 0.000209 seconds.
  path: Assets/Assets/House/Slavic World Free/Resources/LOD3/EA03_Items_House_Besom_01a.fbx
  artifactKey: Guid(964f0c37f9d4d0f4c9dda09cbcfdbfcb) Importer(815301076,1909f56bfc062723c751e8b465ee728b)
Start importing Assets/Assets/House/Slavic World Free/Resources/LOD3/EA03_Items_House_Besom_01a.fbx using Guid(964f0c37f9d4d0f4c9dda09cbcfdbfcb) Importer(815301076,1909f56bfc062723c751e8b465ee728b)  -> (artifact id: '93fd777886384929d6b08ed7cf568505') in 0.059748 seconds 
  Import took 0.063514 seconds .

========================================================================
Received Import Request.
  Time since last request: 0.000144 seconds.
  path: Assets/Assets/House/Slavic World Free/Resources/LOD3/EA03_Prop_Vegetable_Basket_02.fbx
  artifactKey: Guid(470ed647bc0f8fa4b8633a2821ec5a1e) Importer(815301076,1909f56bfc062723c751e8b465ee728b)
Start importing Assets/Assets/House/Slavic World Free/Resources/LOD3/EA03_Prop_Vegetable_Basket_02.fbx using Guid(470ed647bc0f8fa4b8633a2821ec5a1e) Importer(815301076,1909f56bfc062723c751e8b465ee728b)  -> (artifact id: 'dc6104904cf1abecce8e943b1331f595') in 0.064096 seconds 
  Import took 0.067541 seconds .

========================================================================
Received Import Request.
  Time since last request: 0.000194 seconds.
  path: Assets/Assets/House/Slavic World Free/Resources/LOD3/EA03_Items_House_Bottle_01a.fbx
  artifactKey: Guid(7419ec3279586984092aa99f26308880) Importer(815301076,1909f56bfc062723c751e8b465ee728b)
Start importing Assets/Assets/House/Slavic World Free/Resources/LOD3/EA03_Items_House_Bottle_01a.fbx using Guid(7419ec3279586984092aa99f26308880) Importer(815301076,1909f56bfc062723c751e8b465ee728b)  -> (artifact id: 'e46257143c90caa6af1b4985841a9fa1') in 0.051520 seconds 
  Import took 0.054863 seconds .

========================================================================
Received Import Request.
  Time since last request: 1.221517 seconds.
  path: Assets/Assets/House/Slavic World Free/Resources/LOD3/EA03_Prop_House_Hanger_01b.fbx
  artifactKey: Guid(3ec3980c47838d74a9b181fd252db2c0) Importer(815301076,1909f56bfc062723c751e8b465ee728b)
Start importing Assets/Assets/House/Slavic World Free/Resources/LOD3/EA03_Prop_House_Hanger_01b.fbx using Guid(3ec3980c47838d74a9b181fd252db2c0) Importer(815301076,1909f56bfc062723c751e8b465ee728b)  -> (artifact id: '6647fe00ad4a07c25477278605d335aa') in 0.050959 seconds 
  Import took 0.054029 seconds .

========================================================================
Received Import Request.
  Time since last request: 0.000167 seconds.
  path: Assets/Assets/House/Slavic World Free/Resources/LOD4/EA03_Village_Hut_Wall_Front_04b.fbx
  artifactKey: Guid(8b9175d6598bd614abcc74740ea0012f) Importer(815301076,1909f56bfc062723c751e8b465ee728b)
Start importing Assets/Assets/House/Slavic World Free/Resources/LOD4/EA03_Village_Hut_Wall_Front_04b.fbx using Guid(8b9175d6598bd614abcc74740ea0012f) Importer(815301076,1909f56bfc062723c751e8b465ee728b)  -> (artifact id: '14564a5c4900798f942be182879b0257') in 0.055390 seconds 
  Import took 0.058887 seconds .

========================================================================
Received Import Request.
  Time since last request: 0.000217 seconds.
  path: Assets/Assets/House/Slavic World Free/Resources/LOD3/EA03_Prop_House_Shutter_01d.fbx
  artifactKey: Guid(7fe480ce6a490174a961d9d0ac9efc44) Importer(815301076,1909f56bfc062723c751e8b465ee728b)
Start importing Assets/Assets/House/Slavic World Free/Resources/LOD3/EA03_Prop_House_Shutter_01d.fbx using Guid(7fe480ce6a490174a961d9d0ac9efc44) Importer(815301076,1909f56bfc062723c751e8b465ee728b)  -> (artifact id: '1131c093846a900d5814aecb1b2b4495') in 0.045998 seconds 
  Import took 0.049210 seconds .

========================================================================
Received Import Request.
  Time since last request: 0.000183 seconds.
  path: Assets/Assets/House/Slavic World Free/Resources/LOD3/EA03_Prop_House_Shutter_01a.fbx
  artifactKey: Guid(32fa229b2d542da4ea1b8de2d762355f) Importer(815301076,1909f56bfc062723c751e8b465ee728b)
Start importing Assets/Assets/House/Slavic World Free/Resources/LOD3/EA03_Prop_House_Shutter_01a.fbx using Guid(32fa229b2d542da4ea1b8de2d762355f) Importer(815301076,1909f56bfc062723c751e8b465ee728b)  -> (artifact id: 'a4ab315cdb682350a15f20f62ef5c760') in 0.044566 seconds 
  Import took 0.047966 seconds .

========================================================================
Received Import Request.
  Time since last request: 0.000173 seconds.
  path: Assets/Assets/House/Slavic World Free/Resources/LOD3/EA03_Prop_House_Shelf_01g.fbx
  artifactKey: Guid(4fe658bda7c79114a9e825d286e3a6b8) Importer(815301076,1909f56bfc062723c751e8b465ee728b)
Start importing Assets/Assets/House/Slavic World Free/Resources/LOD3/EA03_Prop_House_Shelf_01g.fbx using Guid(4fe658bda7c79114a9e825d286e3a6b8) Importer(815301076,1909f56bfc062723c751e8b465ee728b)  -> (artifact id: 'b28f8ad51f1865cc61b15ade26e9bb0e') in 0.053766 seconds 
  Import took 0.056745 seconds .

========================================================================
Received Import Request.
  Time since last request: 0.000161 seconds.
  path: Assets/Assets/House/Slavic World Free/Resources/LOD3/EA03_Prop_House_Shutter_01c.fbx
  artifactKey: Guid(f49e25a3b35dc5141a32b754e00fd088) Importer(815301076,1909f56bfc062723c751e8b465ee728b)
Start importing Assets/Assets/House/Slavic World Free/Resources/LOD3/EA03_Prop_House_Shutter_01c.fbx using Guid(f49e25a3b35dc5141a32b754e00fd088) Importer(815301076,1909f56bfc062723c751e8b465ee728b)  -> (artifact id: '4e1e9d9f206e07ee92bb2b50379a0a55') in 0.050560 seconds 
  Import took 0.053690 seconds .

========================================================================
Received Import Request.
  Time since last request: 0.000186 seconds.
  path: Assets/Assets/House/Slavic World Free/Resources/LOD3/EA03_Prop_Shelf_01b.fbx
  artifactKey: Guid(703f93609c602a04e9323bea22985490) Importer(815301076,1909f56bfc062723c751e8b465ee728b)
Start importing Assets/Assets/House/Slavic World Free/Resources/LOD3/EA03_Prop_Shelf_01b.fbx using Guid(703f93609c602a04e9323bea22985490) Importer(815301076,1909f56bfc062723c751e8b465ee728b)  -> (artifact id: '2613153b014b57039348f7c787f0a103') in 0.049623 seconds 
  Import took 0.052430 seconds .

========================================================================
Received Import Request.
  Time since last request: 0.895995 seconds.
  path: Assets/Assets/Dungeon/Materials/LowPolyDungeonsLite_BG.mat
  artifactKey: Guid(64ba6c72e3ef1e549a99ffb902487f11) Importer(815301076,1909f56bfc062723c751e8b465ee728b)
Start importing Assets/Assets/Dungeon/Materials/LowPolyDungeonsLite_BG.mat using Guid(64ba6c72e3ef1e549a99ffb902487f11) Importer(815301076,1909f56bfc062723c751e8b465ee728b)  -> (artifact id: '57331e6d788f12cc31034744f746c801') in 0.022075 seconds 
  Import took 0.025505 seconds .

========================================================================
Received Import Request.
  Time since last request: 0.000148 seconds.
  path: Assets/Assets/Dungeon/Materials/LowPolyDungeonsLite_Light.mat
  artifactKey: Guid(2f12fcec4b3dcc0489472b3a9cfa44c1) Importer(815301076,1909f56bfc062723c751e8b465ee728b)
Start importing Assets/Assets/Dungeon/Materials/LowPolyDungeonsLite_Light.mat using Guid(2f12fcec4b3dcc0489472b3a9cfa44c1) Importer(815301076,1909f56bfc062723c751e8b465ee728b)  -> (artifact id: 'f0dede8014ab2634304a95967f9ca40e') in 0.132839 seconds 
  Import took 0.135464 seconds .

========================================================================
Received Import Request.
  Time since last request: 0.000253 seconds.
  path: Assets/Assets/House/Slavic World Free/Resources/LOD3/EA03_Items_House_Spoon_01a.fbx
  artifactKey: Guid(95f15f585b121524294035bb2011866f) Importer(815301076,1909f56bfc062723c751e8b465ee728b)
Start importing Assets/Assets/House/Slavic World Free/Resources/LOD3/EA03_Items_House_Spoon_01a.fbx using Guid(95f15f585b121524294035bb2011866f) Importer(815301076,1909f56bfc062723c751e8b465ee728b)  -> (artifact id: 'd8d72ac6d05aa808a9d1814e8cf0fa1c') in 0.050219 seconds 
  Import took 0.053428 seconds .

========================================================================
Received Import Request.
  Time since last request: 0.000185 seconds.
  path: Assets/Assets/Dungeon/Materials/LowPolyDungeonsLite_MAIN.mat
  artifactKey: Guid(18f63ff904099034daf971dac5b32582) Importer(815301076,1909f56bfc062723c751e8b465ee728b)
Start importing Assets/Assets/Dungeon/Materials/LowPolyDungeonsLite_MAIN.mat using Guid(18f63ff904099034daf971dac5b32582) Importer(815301076,1909f56bfc062723c751e8b465ee728b)  -> (artifact id: '44efd90fd2cfba9a048edbc91666f42c') in 0.019994 seconds 
  Import took 0.023513 seconds .

========================================================================
Received Import Request.
  Time since last request: 0.000155 seconds.
  path: Assets/Assets/House/Slavic World Free/Resources/LOD4/EA03_Village_Hut_Wall_Front_04e.fbx
  artifactKey: Guid(7c39965b26d41264aa2e9d96d16c8b28) Importer(815301076,1909f56bfc062723c751e8b465ee728b)
Start importing Assets/Assets/House/Slavic World Free/Resources/LOD4/EA03_Village_Hut_Wall_Front_04e.fbx using Guid(7c39965b26d41264aa2e9d96d16c8b28) Importer(815301076,1909f56bfc062723c751e8b465ee728b)  -> (artifact id: '601a0396326789fa03fb14f6c6c5a9ba') in 0.051756 seconds 
  Import took 0.054525 seconds .

========================================================================
Received Import Request.
  Time since last request: 0.050409 seconds.
  path: Assets/Assets/House/Slavic World Free/_CommonFiles/OtherMaterials/EA03_LPNP-Slavika_Colorsheet_v3.mat
  artifactKey: Guid(d5b545cf21e29c747893331f5e2d695d) Importer(815301076,1909f56bfc062723c751e8b465ee728b)
Start importing Assets/Assets/House/Slavic World Free/_CommonFiles/OtherMaterials/EA03_LPNP-Slavika_Colorsheet_v3.mat using Guid(d5b545cf21e29c747893331f5e2d695d) Importer(815301076,1909f56bfc062723c751e8b465ee728b)  -> (artifact id: 'c96d60bfb66085ec1db3a02a60325811') in 0.014117 seconds 
  Import took 0.018007 seconds .

========================================================================
Received Import Request.
  Time since last request: 0.000223 seconds.
  path: Assets/Assets/House/Slavic World Free/_CommonFiles/OtherMaterials/EA03_LPNP-Slavika_Grass.mat
  artifactKey: Guid(953d3192356053f479f39aeb9eb960b8) Importer(815301076,1909f56bfc062723c751e8b465ee728b)
Start importing Assets/Assets/House/Slavic World Free/_CommonFiles/OtherMaterials/EA03_LPNP-Slavika_Grass.mat using Guid(953d3192356053f479f39aeb9eb960b8) Importer(815301076,1909f56bfc062723c751e8b465ee728b)  -> (artifact id: '1df0ef7a996afc09afa7741245f538f3') in 0.294554 seconds 
  Import took 0.298451 seconds .

========================================================================
Received Import Request.
  Time since last request: 0.000239 seconds.
  path: Assets/Assets/House/Slavic World Free/Resources/LOD3/EA03_Prop_Container_Chest_02a.fbx
  artifactKey: Guid(b6814f96c7f305e4f982c84f3d888a39) Importer(815301076,1909f56bfc062723c751e8b465ee728b)
Start importing Assets/Assets/House/Slavic World Free/Resources/LOD3/EA03_Prop_Container_Chest_02a.fbx using Guid(b6814f96c7f305e4f982c84f3d888a39) Importer(815301076,1909f56bfc062723c751e8b465ee728b)  -> (artifact id: 'eabddda12814c29d19ed59df9dc46d92') in 0.048643 seconds 
  Import took 0.051622 seconds .

========================================================================
Received Import Request.
  Time since last request: 0.000184 seconds.
  path: Assets/Assets/House/Slavic World Free/Resources/LOD3/EA03_Prop_Container_Basket_03a.fbx
  artifactKey: Guid(36d03d6d713b9eb42b9dc68d1f4d1e80) Importer(815301076,1909f56bfc062723c751e8b465ee728b)
Start importing Assets/Assets/House/Slavic World Free/Resources/LOD3/EA03_Prop_Container_Basket_03a.fbx using Guid(36d03d6d713b9eb42b9dc68d1f4d1e80) Importer(815301076,1909f56bfc062723c751e8b465ee728b)  -> (artifact id: '537b0904a5b82e87a8f08f9b7e35fe47') in 0.054841 seconds 
  Import took 0.057732 seconds .

========================================================================
Received Import Request.
  Time since last request: 0.000268 seconds.
  path: Assets/Assets/House/Slavic World Free/Resources/LOD3/EA03_Environment_Road_Cobble_01a.fbx
  artifactKey: Guid(784b4593ae6c56942a99223a33dcc169) Importer(815301076,1909f56bfc062723c751e8b465ee728b)
Start importing Assets/Assets/House/Slavic World Free/Resources/LOD3/EA03_Environment_Road_Cobble_01a.fbx using Guid(784b4593ae6c56942a99223a33dcc169) Importer(815301076,1909f56bfc062723c751e8b465ee728b)  -> (artifact id: 'eb6293863b66b3a5f3905ea7950eff15') in 0.056061 seconds 
  Import took 0.059104 seconds .

========================================================================
Received Import Request.
  Time since last request: 0.000189 seconds.
  path: Assets/Assets/House/Slavic World Free/Resources/LOD3/EA03_Prop_Container_Bowl_01.fbx
  artifactKey: Guid(379f0651a43088c4e83e0b80e5982d95) Importer(815301076,1909f56bfc062723c751e8b465ee728b)
Start importing Assets/Assets/House/Slavic World Free/Resources/LOD3/EA03_Prop_Container_Bowl_01.fbx using Guid(379f0651a43088c4e83e0b80e5982d95) Importer(815301076,1909f56bfc062723c751e8b465ee728b)  -> (artifact id: 'df7ebf89fc2f9a004e1f07fc8e803447') in 0.059530 seconds 
  Import took 0.062411 seconds .

========================================================================
Received Import Request.
  Time since last request: 0.000162 seconds.
  path: Assets/Assets/House/Slavic World Free/Resources/LOD3/EA03_Environment_Road_Cobble_Corner_01a.fbx
  artifactKey: Guid(89e8d684965d9284295aa3a97326c576) Importer(815301076,1909f56bfc062723c751e8b465ee728b)
Start importing Assets/Assets/House/Slavic World Free/Resources/LOD3/EA03_Environment_Road_Cobble_Corner_01a.fbx using Guid(89e8d684965d9284295aa3a97326c576) Importer(815301076,1909f56bfc062723c751e8b465ee728b)  -> (artifact id: '50047a38a6be7c3d29de7f9c9870ef3c') in 0.056128 seconds 
  Import took 0.059084 seconds .

========================================================================
Received Import Request.
  Time since last request: 0.000205 seconds.
  path: Assets/Assets/House/Slavic World Free/Resources/LOD3/EA03_Prop_Container_Basket_04a.fbx
  artifactKey: Guid(f6abdef6e96d7554bab4cae54ac1516d) Importer(815301076,1909f56bfc062723c751e8b465ee728b)
Start importing Assets/Assets/House/Slavic World Free/Resources/LOD3/EA03_Prop_Container_Basket_04a.fbx using Guid(f6abdef6e96d7554bab4cae54ac1516d) Importer(815301076,1909f56bfc062723c751e8b465ee728b)  -> (artifact id: 'ad121da7c11b9760a83d3d27590270f0') in 0.055976 seconds 
  Import took 0.058985 seconds .

========================================================================
Received Import Request.
  Time since last request: 0.000196 seconds.
  path: Assets/Assets/House/Slavic World Free/Resources/LOD3/EA03_Prop_Tool_Stump_02a.fbx
  artifactKey: Guid(69b9fb8b93ab03b43b08cb7d05ad286e) Importer(815301076,1909f56bfc062723c751e8b465ee728b)
Start importing Assets/Assets/House/Slavic World Free/Resources/LOD3/EA03_Prop_Tool_Stump_02a.fbx using Guid(69b9fb8b93ab03b43b08cb7d05ad286e) Importer(815301076,1909f56bfc062723c751e8b465ee728b)  -> (artifact id: '08edc367875090fc3a22a6305f78399e') in 0.053005 seconds 
  Import took 0.055874 seconds .

========================================================================
Received Import Request.
  Time since last request: 0.000186 seconds.
  path: Assets/Assets/House/Slavic World Free/Resources/LOD3/EA03_Fence_Withy_Seam_02a.fbx
  artifactKey: Guid(7268d2cf1dfb8c54bbade433947d851a) Importer(815301076,1909f56bfc062723c751e8b465ee728b)
Start importing Assets/Assets/House/Slavic World Free/Resources/LOD3/EA03_Fence_Withy_Seam_02a.fbx using Guid(7268d2cf1dfb8c54bbade433947d851a) Importer(815301076,1909f56bfc062723c751e8b465ee728b)  -> (artifact id: 'cf9a21c993231936b0f858234059193b') in 0.052968 seconds 
  Import took 0.056245 seconds .

========================================================================
Received Import Request.
  Time since last request: 0.407997 seconds.
  path: Assets/Assets/House/Slavic World Free/Resources/LOD3/EA03_Prop_House_Shelf_01a.fbx
  artifactKey: Guid(fb814a59022e8554e86bcd2ce8087540) Importer(815301076,1909f56bfc062723c751e8b465ee728b)
Start importing Assets/Assets/House/Slavic World Free/Resources/LOD3/EA03_Prop_House_Shelf_01a.fbx using Guid(fb814a59022e8554e86bcd2ce8087540) Importer(815301076,1909f56bfc062723c751e8b465ee728b)  -> (artifact id: '50023613a3d1a5b930131c4208312ec8') in 0.059439 seconds 
  Import took 0.063227 seconds .

========================================================================
Received Import Request.
  Time since last request: 0.000148 seconds.
  path: Assets/Assets/House/Slavic World Free/Resources/LOD3/EA03_Prop_Container_Crate_03a.fbx
  artifactKey: Guid(bc95e47ba4b19a24db9583856173a412) Importer(815301076,1909f56bfc062723c751e8b465ee728b)
Start importing Assets/Assets/House/Slavic World Free/Resources/LOD3/EA03_Prop_Container_Crate_03a.fbx using Guid(bc95e47ba4b19a24db9583856173a412) Importer(815301076,1909f56bfc062723c751e8b465ee728b)  -> (artifact id: '5d51e389dba552089d9145e570e754d1') in 0.061190 seconds 
  Import took 0.064666 seconds .

========================================================================
Received Import Request.
  Time since last request: 0.000181 seconds.
  path: Assets/Assets/House/Slavic World Free/Resources/LOD3/EA03_Items_House_Apple_01c.fbx
  artifactKey: Guid(df9db6549c9345248b5bf8204520cdf1) Importer(815301076,1909f56bfc062723c751e8b465ee728b)
Start importing Assets/Assets/House/Slavic World Free/Resources/LOD3/EA03_Items_House_Apple_01c.fbx using Guid(df9db6549c9345248b5bf8204520cdf1) Importer(815301076,1909f56bfc062723c751e8b465ee728b)  -> (artifact id: 'ff040761ce6d391789b870dba9b90aa0') in 0.057667 seconds 
  Import took 0.061108 seconds .

========================================================================
Received Import Request.
  Time since last request: 0.000151 seconds.
  path: Assets/Assets/House/Slavic World Free/Resources/LOD3/EA_Items_House_pan_empty_01a.fbx
  artifactKey: Guid(ae024c3e1ae079546a061550ce88ef0c) Importer(815301076,1909f56bfc062723c751e8b465ee728b)
Start importing Assets/Assets/House/Slavic World Free/Resources/LOD3/EA_Items_House_pan_empty_01a.fbx using Guid(ae024c3e1ae079546a061550ce88ef0c) Importer(815301076,1909f56bfc062723c751e8b465ee728b)  -> (artifact id: 'cd58c2af747c29c7b6150caf4cf8a54a') in 0.049867 seconds 
  Import took 0.053532 seconds .

========================================================================
Received Import Request.
  Time since last request: 0.000173 seconds.
  path: Assets/Assets/House/Slavic World Free/Resources/LOD4/EA03_Village_Hut_Wall_Front_04h.fbx
  artifactKey: Guid(045c5ae697b279e4794a7c8d9f3e1e52) Importer(815301076,1909f56bfc062723c751e8b465ee728b)
Start importing Assets/Assets/House/Slavic World Free/Resources/LOD4/EA03_Village_Hut_Wall_Front_04h.fbx using Guid(045c5ae697b279e4794a7c8d9f3e1e52) Importer(815301076,1909f56bfc062723c751e8b465ee728b)  -> (artifact id: '3dcb67471898fe5461c0675a1f6f2bbf') in 0.060054 seconds 
  Import took 0.063015 seconds .

========================================================================
Received Import Request.
  Time since last request: 0.000137 seconds.
  path: Assets/Assets/House/Slavic World Free/Resources/LOD3/EA_Items_House_mug_01a.fbx
  artifactKey: Guid(c73f3ec04424b484592476d4de9ff226) Importer(815301076,1909f56bfc062723c751e8b465ee728b)
Start importing Assets/Assets/House/Slavic World Free/Resources/LOD3/EA_Items_House_mug_01a.fbx using Guid(c73f3ec04424b484592476d4de9ff226) Importer(815301076,1909f56bfc062723c751e8b465ee728b)  -> (artifact id: 'c41a1099c61d3f4d9fa48692353def6a') in 0.058506 seconds 
  Import took 0.062067 seconds .

========================================================================
Received Import Request.
  Time since last request: 0.000171 seconds.
  path: Assets/Assets/House/Slavic World Free/Resources/LOD3/EA03_Prop_House_Shelf_01c.fbx
  artifactKey: Guid(fefb188aa51cd2247ac69d79ad42b63d) Importer(815301076,1909f56bfc062723c751e8b465ee728b)
Start importing Assets/Assets/House/Slavic World Free/Resources/LOD3/EA03_Prop_House_Shelf_01c.fbx using Guid(fefb188aa51cd2247ac69d79ad42b63d) Importer(815301076,1909f56bfc062723c751e8b465ee728b)  -> (artifact id: '69cb61de46f48fb6ce74dd9af2b9b710') in 0.056737 seconds 
  Import took 0.059768 seconds .

========================================================================
Received Import Request.
  Time since last request: 0.000160 seconds.
  path: Assets/Assets/House/Slavic World Free/Resources/LOD3/EA03_Environment_Road_Cobble_01b.fbx
  artifactKey: Guid(75d05aceb1aabe94b8c7d358857e604b) Importer(815301076,1909f56bfc062723c751e8b465ee728b)
Start importing Assets/Assets/House/Slavic World Free/Resources/LOD3/EA03_Environment_Road_Cobble_01b.fbx using Guid(75d05aceb1aabe94b8c7d358857e604b) Importer(815301076,1909f56bfc062723c751e8b465ee728b)  -> (artifact id: '6ab76f5d288fdc4899075d69115c0990') in 0.050943 seconds 
  Import took 0.053846 seconds .

========================================================================
Received Import Request.
  Time since last request: 0.000170 seconds.
  path: Assets/Assets/House/Slavic World Free/Resources/LOD3/EA_Items_House_soon_wooden.fbx
  artifactKey: Guid(0855f54a13378d54082bfa3148cc5ef5) Importer(815301076,1909f56bfc062723c751e8b465ee728b)
Start importing Assets/Assets/House/Slavic World Free/Resources/LOD3/EA_Items_House_soon_wooden.fbx using Guid(0855f54a13378d54082bfa3148cc5ef5) Importer(815301076,1909f56bfc062723c751e8b465ee728b)  -> (artifact id: '173bd459c9f65f5bdd205f83a1d6055f') in 0.037109 seconds 
  Import took 0.039984 seconds .

========================================================================
Received Import Request.
  Time since last request: 0.000187 seconds.
  path: Assets/Assets/House/Slavic World Free/Resources/LOD3/EA03_Items_House_BredBoard_01a.fbx
  artifactKey: Guid(2137813e38c7b504aa81ea4d4d0bd663) Importer(815301076,1909f56bfc062723c751e8b465ee728b)
Start importing Assets/Assets/House/Slavic World Free/Resources/LOD3/EA03_Items_House_BredBoard_01a.fbx using Guid(2137813e38c7b504aa81ea4d4d0bd663) Importer(815301076,1909f56bfc062723c751e8b465ee728b)  -> (artifact id: '958c79fc8148c8e33431fcb27efcd09f') in 0.040112 seconds 
  Import took 0.043472 seconds .

========================================================================
Received Import Request.
  Time since last request: 0.000170 seconds.
  path: Assets/Assets/House/Slavic World Free/Resources/LOD4/EA03_Village_Hut_Wall_Front_02d.fbx
  artifactKey: Guid(13bb0042dbcee09478650939e9f2d958) Importer(815301076,1909f56bfc062723c751e8b465ee728b)
Start importing Assets/Assets/House/Slavic World Free/Resources/LOD4/EA03_Village_Hut_Wall_Front_02d.fbx using Guid(13bb0042dbcee09478650939e9f2d958) Importer(815301076,1909f56bfc062723c751e8b465ee728b)  -> (artifact id: '521a1e21680b0a8f493c58bb38ede19e') in 0.047240 seconds 
  Import took 0.050126 seconds .

========================================================================
Received Import Request.
  Time since last request: 0.000174 seconds.
  path: Assets/Assets/House/Slavic World Free/Resources/LOD3/EA_Items_House_kettle_empty_01a.fbx
  artifactKey: Guid(64269ae04169bfa4faf3bb8f18263056) Importer(815301076,1909f56bfc062723c751e8b465ee728b)
Start importing Assets/Assets/House/Slavic World Free/Resources/LOD3/EA_Items_House_kettle_empty_01a.fbx using Guid(64269ae04169bfa4faf3bb8f18263056) Importer(815301076,1909f56bfc062723c751e8b465ee728b)  -> (artifact id: '26482a7b262d9e9d3bb10de8507893a6') in 0.045669 seconds 
  Import took 0.048593 seconds .

========================================================================
Received Import Request.
  Time since last request: 0.000170 seconds.
  path: Assets/Assets/House/Slavic World Free/Resources/LOD3/EA03_Items_House_Apple_01a.fbx
  artifactKey: Guid(ac60a1e5147f37f4ea437303b92a771f) Importer(815301076,1909f56bfc062723c751e8b465ee728b)
Start importing Assets/Assets/House/Slavic World Free/Resources/LOD3/EA03_Items_House_Apple_01a.fbx using Guid(ac60a1e5147f37f4ea437303b92a771f) Importer(815301076,1909f56bfc062723c751e8b465ee728b)  -> (artifact id: '2b4e16dccf3b5735b2e61552b5b032d7') in 0.038468 seconds 
  Import took 0.041102 seconds .

========================================================================
Received Import Request.
  Time since last request: 0.000166 seconds.
  path: Assets/Assets/House/Slavic World Free/Resources/LOD3/EA03_Fence_Plank_02d.fbx
  artifactKey: Guid(82cb0bafcb85fc3448ad508983ff1194) Importer(815301076,1909f56bfc062723c751e8b465ee728b)
Start importing Assets/Assets/House/Slavic World Free/Resources/LOD3/EA03_Fence_Plank_02d.fbx using Guid(82cb0bafcb85fc3448ad508983ff1194) Importer(815301076,1909f56bfc062723c751e8b465ee728b)  -> (artifact id: '2e9701b0c1b6ceb0be48f6dd8187b6ef') in 0.043907 seconds 
  Import took 0.046947 seconds .

========================================================================
Received Import Request.
  Time since last request: 0.000241 seconds.
  path: Assets/Assets/House/Slavic World Free/Resources/LOD4/EA03_Village_step_platform_Stair_R_03a.fbx
  artifactKey: Guid(75ae7666976ca6948ac43a95180ef1fe) Importer(815301076,1909f56bfc062723c751e8b465ee728b)
Start importing Assets/Assets/House/Slavic World Free/Resources/LOD4/EA03_Village_step_platform_Stair_R_03a.fbx using Guid(75ae7666976ca6948ac43a95180ef1fe) Importer(815301076,1909f56bfc062723c751e8b465ee728b)  -> (artifact id: '96fc9e47928606d4b0f2181e23d5e7fa') in 0.044079 seconds 
  Import took 0.047516 seconds .

========================================================================
Received Import Request.
  Time since last request: 0.000167 seconds.
  path: Assets/Assets/House/Slavic World Free/Resources/LOD3/EA_Items_House_bowl_wod_powder_01a.fbx
  artifactKey: Guid(90aa71f5e770f204599d5838b0a54704) Importer(815301076,1909f56bfc062723c751e8b465ee728b)
Start importing Assets/Assets/House/Slavic World Free/Resources/LOD3/EA_Items_House_bowl_wod_powder_01a.fbx using Guid(90aa71f5e770f204599d5838b0a54704) Importer(815301076,1909f56bfc062723c751e8b465ee728b)  -> (artifact id: '4897f5bf2a13b4f574d3b488366dddfc') in 0.046594 seconds 
  Import took 0.049419 seconds .

========================================================================
Received Import Request.
  Time since last request: 0.000193 seconds.
  path: Assets/Assets/House/Slavic World Free/Resources/LOD3/EA03_Prop_Container_Basket_01a.fbx
  artifactKey: Guid(31705d47a8a190a42a2ebd3d27b7f5e5) Importer(815301076,1909f56bfc062723c751e8b465ee728b)
Start importing Assets/Assets/House/Slavic World Free/Resources/LOD3/EA03_Prop_Container_Basket_01a.fbx using Guid(31705d47a8a190a42a2ebd3d27b7f5e5) Importer(815301076,1909f56bfc062723c751e8b465ee728b)  -> (artifact id: 'adaf3300a284afe2193807c6ac98ed06') in 0.052958 seconds 
  Import took 0.055893 seconds .

========================================================================
Received Import Request.
  Time since last request: 0.000200 seconds.
  path: Assets/Assets/House/Slavic World Free/Resources/LOD3/EA03_Prop_Container_Basket_02.fbx
  artifactKey: Guid(ecb9c0970df71054ba737cea1a00120c) Importer(815301076,1909f56bfc062723c751e8b465ee728b)
Start importing Assets/Assets/House/Slavic World Free/Resources/LOD3/EA03_Prop_Container_Basket_02.fbx using Guid(ecb9c0970df71054ba737cea1a00120c) Importer(815301076,1909f56bfc062723c751e8b465ee728b)  -> (artifact id: '9377cd6b75a99307068b8d17871274d8') in 0.045871 seconds 
  Import took 0.049264 seconds .

========================================================================
Received Import Request.
  Time since last request: 0.000182 seconds.
  path: Assets/Assets/House/Slavic World Free/Resources/LOD3/EA03_Prop_Forester_wooden_01d.fbx
  artifactKey: Guid(d9dfdee99a6a7834292c848b8682da8e) Importer(815301076,1909f56bfc062723c751e8b465ee728b)
Start importing Assets/Assets/House/Slavic World Free/Resources/LOD3/EA03_Prop_Forester_wooden_01d.fbx using Guid(d9dfdee99a6a7834292c848b8682da8e) Importer(815301076,1909f56bfc062723c751e8b465ee728b)  -> (artifact id: '414888417f1f11be721450ebf440cc1c') in 0.043056 seconds 
  Import took 0.046087 seconds .

========================================================================
Received Import Request.
  Time since last request: 0.000180 seconds.
  path: Assets/Assets/House/Slavic World Free/Resources/LOD3/EA03_Fence_Plank_02c.fbx
  artifactKey: Guid(c42a5db3829d76948ad314f7761737f0) Importer(815301076,1909f56bfc062723c751e8b465ee728b)
Start importing Assets/Assets/House/Slavic World Free/Resources/LOD3/EA03_Fence_Plank_02c.fbx using Guid(c42a5db3829d76948ad314f7761737f0) Importer(815301076,1909f56bfc062723c751e8b465ee728b)  -> (artifact id: '6cd34f41036b9dcf4cf6a130d7639085') in 0.041548 seconds 
  Import took 0.044076 seconds .

========================================================================
Received Import Request.
  Time since last request: 0.000185 seconds.
  path: Assets/Assets/House/Slavic World Free/Resources/LOD3/EA_Items_House_bowl_wod_2.fbx
  artifactKey: Guid(d390f7be5d30cac429d05cc9fdea3abb) Importer(815301076,1909f56bfc062723c751e8b465ee728b)
Start importing Assets/Assets/House/Slavic World Free/Resources/LOD3/EA_Items_House_bowl_wod_2.fbx using Guid(d390f7be5d30cac429d05cc9fdea3abb) Importer(815301076,1909f56bfc062723c751e8b465ee728b)  -> (artifact id: 'fa39bf1aacc1632d597daa5156fd24cd') in 0.044297 seconds 
  Import took 0.047569 seconds .

========================================================================
Received Import Request.
  Time since last request: 0.000173 seconds.
  path: Assets/Assets/House/Slavic World Free/Resources/LOD3/EA03_Prop_Stool_01a.fbx
  artifactKey: Guid(0d8a9daf36a4e2c4fa3c49f6c0827792) Importer(815301076,1909f56bfc062723c751e8b465ee728b)
Start importing Assets/Assets/House/Slavic World Free/Resources/LOD3/EA03_Prop_Stool_01a.fbx using Guid(0d8a9daf36a4e2c4fa3c49f6c0827792) Importer(815301076,1909f56bfc062723c751e8b465ee728b)  -> (artifact id: 'f602c2d6c5f820bb9a68c9973a42aea3') in 0.045029 seconds 
  Import took 0.048164 seconds .

========================================================================
Received Import Request.
  Time since last request: 0.000168 seconds.
  path: Assets/Assets/House/Slavic World Free/Resources/LOD3/EA03_Prop_Tool_Basket_01.fbx
  artifactKey: Guid(4ccd36a85ba57a74eb8759860c7b3871) Importer(815301076,1909f56bfc062723c751e8b465ee728b)
Start importing Assets/Assets/House/Slavic World Free/Resources/LOD3/EA03_Prop_Tool_Basket_01.fbx using Guid(4ccd36a85ba57a74eb8759860c7b3871) Importer(815301076,1909f56bfc062723c751e8b465ee728b)  -> (artifact id: '050fca5abe1eebf8418b78592442cec4') in 0.042048 seconds 
  Import took 0.044750 seconds .

========================================================================
Received Import Request.
  Time since last request: 0.000158 seconds.
  path: Assets/Assets/House/Slavic World Free/Resources/LOD3/EA03_Prop_Stool_02a.fbx
  artifactKey: Guid(c05b38c4cb6d56443af89f2587f8a3b8) Importer(815301076,1909f56bfc062723c751e8b465ee728b)
Start importing Assets/Assets/House/Slavic World Free/Resources/LOD3/EA03_Prop_Stool_02a.fbx using Guid(c05b38c4cb6d56443af89f2587f8a3b8) Importer(815301076,1909f56bfc062723c751e8b465ee728b)  -> (artifact id: '85d732fe883e60f7dc0eb7d6130959ed') in 0.045861 seconds 
  Import took 0.049070 seconds .

========================================================================
Received Import Request.
  Time since last request: 0.000181 seconds.
  path: Assets/Assets/House/Slavic World Free/Resources/LOD3/EA03_Village_Hut_Foundation_02b.fbx
  artifactKey: Guid(a39e54eda47beb84daec65dffc50bd71) Importer(815301076,1909f56bfc062723c751e8b465ee728b)
Start importing Assets/Assets/House/Slavic World Free/Resources/LOD3/EA03_Village_Hut_Foundation_02b.fbx using Guid(a39e54eda47beb84daec65dffc50bd71) Importer(815301076,1909f56bfc062723c751e8b465ee728b)  -> (artifact id: 'df2b3d8415d454cad1f4c98373f40f7f') in 0.040134 seconds 
  Import took 0.043053 seconds .

========================================================================
Received Import Request.
  Time since last request: 0.000185 seconds.
  path: Assets/Assets/House/Slavic World Free/Resources/LOD3/EA03_Nature_Tree_01b.fbx
  artifactKey: Guid(13ec5d0bbf56c734d9422c7089f60980) Importer(815301076,1909f56bfc062723c751e8b465ee728b)
Start importing Assets/Assets/House/Slavic World Free/Resources/LOD3/EA03_Nature_Tree_01b.fbx using Guid(13ec5d0bbf56c734d9422c7089f60980) Importer(815301076,1909f56bfc062723c751e8b465ee728b)  -> (artifact id: '0a45d882e70c177b4c3ed0b45ae5d108') in 0.044114 seconds 
  Import took 0.047097 seconds .

========================================================================
Received Import Request.
  Time since last request: 0.000202 seconds.
  path: Assets/Assets/House/Slavic World Free/Resources/LOD3/EA03_Items_House_Firewood_01a.fbx
  artifactKey: Guid(780ff2e8fc3d55b40bde8b2ebf2c24c4) Importer(815301076,1909f56bfc062723c751e8b465ee728b)
Start importing Assets/Assets/House/Slavic World Free/Resources/LOD3/EA03_Items_House_Firewood_01a.fbx using Guid(780ff2e8fc3d55b40bde8b2ebf2c24c4) Importer(815301076,1909f56bfc062723c751e8b465ee728b)  -> (artifact id: 'a79f5022aff9d7ffdd4f0639d983c06b') in 0.043155 seconds 
  Import took 0.045939 seconds .

========================================================================
Received Import Request.
  Time since last request: 0.000172 seconds.
  path: Assets/Assets/House/Slavic World Free/Resources/LOD3/EA03_Prop_Container_Barrel_01d.fbx
  artifactKey: Guid(7764483340bf24949af7c09f03fe50d0) Importer(815301076,1909f56bfc062723c751e8b465ee728b)
Start importing Assets/Assets/House/Slavic World Free/Resources/LOD3/EA03_Prop_Container_Barrel_01d.fbx using Guid(7764483340bf24949af7c09f03fe50d0) Importer(815301076,1909f56bfc062723c751e8b465ee728b)  -> (artifact id: 'd28a425129c731efaf5a5b0e9eac0f0d') in 0.039997 seconds 
  Import took 0.042649 seconds .

========================================================================
Received Import Request.
  Time since last request: 0.000158 seconds.
  path: Assets/Assets/House/Slavic World Free/Resources/LOD4/EA03_Village_OutBuilding_Convenience_01a.fbx
  artifactKey: Guid(7e3464691be8900418a72b728b9cfe8e) Importer(815301076,1909f56bfc062723c751e8b465ee728b)
Start importing Assets/Assets/House/Slavic World Free/Resources/LOD4/EA03_Village_OutBuilding_Convenience_01a.fbx using Guid(7e3464691be8900418a72b728b9cfe8e) Importer(815301076,1909f56bfc062723c751e8b465ee728b)  -> (artifact id: '77baad69db44f3ab010a1c13d37a81d9') in 0.047962 seconds 
  Import took 0.050869 seconds .

========================================================================
Received Import Request.
  Time since last request: 0.000197 seconds.
  path: Assets/Assets/House/Slavic World Free/Resources/LOD4/EA03_Village_Hut_Wall_Front_01i.fbx
  artifactKey: Guid(c231ab4bdde8ca245b5f0ad0ee2ffa5b) Importer(815301076,1909f56bfc062723c751e8b465ee728b)
Start importing Assets/Assets/House/Slavic World Free/Resources/LOD4/EA03_Village_Hut_Wall_Front_01i.fbx using Guid(c231ab4bdde8ca245b5f0ad0ee2ffa5b) Importer(815301076,1909f56bfc062723c751e8b465ee728b)  -> (artifact id: '0adaf115904bc8e3d2a86e6ace2dfb5d') in 0.050570 seconds 
  Import took 0.053814 seconds .

========================================================================
Received Import Request.
  Time since last request: 0.000176 seconds.
  path: Assets/Assets/House/Slavic World Free/Resources/LOD3/EA03_Prop_Village_Ladder_02a.fbx
  artifactKey: Guid(65eda0c3b934409488f4868dba95a65f) Importer(815301076,1909f56bfc062723c751e8b465ee728b)
Start importing Assets/Assets/House/Slavic World Free/Resources/LOD3/EA03_Prop_Village_Ladder_02a.fbx using Guid(65eda0c3b934409488f4868dba95a65f) Importer(815301076,1909f56bfc062723c751e8b465ee728b)  -> (artifact id: '883305e8aa3311c2fc97eed987bab3a4') in 0.042624 seconds 
  Import took 0.045163 seconds .

========================================================================
Received Import Request.
  Time since last request: 0.000176 seconds.
  path: Assets/Assets/House/Slavic World Free/Resources/LOD3/EA_Items_House_spoon_wooden_05.fbx
  artifactKey: Guid(b2c9c2c5cab7ba4488b2631a33c16c54) Importer(815301076,1909f56bfc062723c751e8b465ee728b)
Start importing Assets/Assets/House/Slavic World Free/Resources/LOD3/EA_Items_House_spoon_wooden_05.fbx using Guid(b2c9c2c5cab7ba4488b2631a33c16c54) Importer(815301076,1909f56bfc062723c751e8b465ee728b)  -> (artifact id: '3ea9f20a7221bdf5f97f97626fd68a55') in 0.046552 seconds 
  Import took 0.049873 seconds .

========================================================================
Received Import Request.
  Time since last request: 0.000185 seconds.
  path: Assets/Assets/House/Slavic World Free/Resources/LOD3/EA03_Prop_Container_Crate_02a.fbx
  artifactKey: Guid(ebce493bda9473e4e9895e76b409a2d5) Importer(815301076,1909f56bfc062723c751e8b465ee728b)
Start importing Assets/Assets/House/Slavic World Free/Resources/LOD3/EA03_Prop_Container_Crate_02a.fbx using Guid(ebce493bda9473e4e9895e76b409a2d5) Importer(815301076,1909f56bfc062723c751e8b465ee728b)  -> (artifact id: '9b9f3f682421e0a1e1e0d4a39c0c5cf4') in 0.050372 seconds 
  Import took 0.053510 seconds .

========================================================================
Received Import Request.
  Time since last request: 0.000167 seconds.
  path: Assets/Assets/House/Slavic World Free/Resources/LOD3/EA03_Prop_House_Shelf_02c.fbx
  artifactKey: Guid(d5c62c647c224aa48b7726a6d4a8afdf) Importer(815301076,1909f56bfc062723c751e8b465ee728b)
Start importing Assets/Assets/House/Slavic World Free/Resources/LOD3/EA03_Prop_House_Shelf_02c.fbx using Guid(d5c62c647c224aa48b7726a6d4a8afdf) Importer(815301076,1909f56bfc062723c751e8b465ee728b)  -> (artifact id: '8cc94b3df267cf38d5cdcb0aae896b4f') in 0.045591 seconds 
  Import took 0.048457 seconds .

========================================================================
Received Import Request.
  Time since last request: 0.000185 seconds.
  path: Assets/Assets/House/Slavic World Free/Resources/LOD3/EA_Items_House_spoon_wooden_02.fbx
  artifactKey: Guid(c372d80c3e97e7f48ba4c4482af5b13c) Importer(815301076,1909f56bfc062723c751e8b465ee728b)
Start importing Assets/Assets/House/Slavic World Free/Resources/LOD3/EA_Items_House_spoon_wooden_02.fbx using Guid(c372d80c3e97e7f48ba4c4482af5b13c) Importer(815301076,1909f56bfc062723c751e8b465ee728b)  -> (artifact id: '1e01887fd2a168d3aa808e4cba43310f') in 0.045826 seconds 
  Import took 0.049225 seconds .

========================================================================
Received Import Request.
  Time since last request: 0.000185 seconds.
  path: Assets/Assets/House/Slavic World Free/Resources/LOD3/EA03_Fence_Plank_02a.fbx
  artifactKey: Guid(9acbb48a36abbf644aa940a03eecaab3) Importer(815301076,1909f56bfc062723c751e8b465ee728b)
Start importing Assets/Assets/House/Slavic World Free/Resources/LOD3/EA03_Fence_Plank_02a.fbx using Guid(9acbb48a36abbf644aa940a03eecaab3) Importer(815301076,1909f56bfc062723c751e8b465ee728b)  -> (artifact id: '5dc487fc7a67917b707b3163faa271c6') in 0.051502 seconds 
  Import took 0.055180 seconds .

========================================================================
Received Import Request.
  Time since last request: 0.000255 seconds.
  path: Assets/Assets/House/Slavic World Free/Resources/LOD3/EA_Items_House_spoon_wooden_04.fbx
  artifactKey: Guid(b1390cea618c0d4468b6860e020625d0) Importer(815301076,1909f56bfc062723c751e8b465ee728b)
Start importing Assets/Assets/House/Slavic World Free/Resources/LOD3/EA_Items_House_spoon_wooden_04.fbx using Guid(b1390cea618c0d4468b6860e020625d0) Importer(815301076,1909f56bfc062723c751e8b465ee728b)  -> (artifact id: '7927d5ffd6c10a5873fd1ae25b354cf6') in 0.050423 seconds 
  Import took 0.054253 seconds .

========================================================================
Received Import Request.
  Time since last request: 0.000186 seconds.
  path: Assets/Assets/House/Slavic World Free/Prefabs/Compound/Walls/EA03_Plant_Grass_01e.fbx
  artifactKey: Guid(c3f5ebd294edb9e468222b22e0edd694) Importer(815301076,1909f56bfc062723c751e8b465ee728b)
Start importing Assets/Assets/House/Slavic World Free/Prefabs/Compound/Walls/EA03_Plant_Grass_01e.fbx using Guid(c3f5ebd294edb9e468222b22e0edd694) Importer(815301076,1909f56bfc062723c751e8b465ee728b)  -> (artifact id: '4c191f36eeeb0752c4dc8be18df292ff') in 0.058919 seconds 
  Import took 0.063232 seconds .

========================================================================
Received Import Request.
  Time since last request: 0.000280 seconds.
  path: Assets/Assets/House/Slavic World Free/Resources/LOD3/EA03_Prop_Town_AnimalSkin_01b.fbx
  artifactKey: Guid(17c165cd03e14754583367f8b65896a5) Importer(815301076,1909f56bfc062723c751e8b465ee728b)
Start importing Assets/Assets/House/Slavic World Free/Resources/LOD3/EA03_Prop_Town_AnimalSkin_01b.fbx using Guid(17c165cd03e14754583367f8b65896a5) Importer(815301076,1909f56bfc062723c751e8b465ee728b)  -> (artifact id: '96ae692855f12fac1d10fafacf005e60') in 0.075363 seconds 
  Import took 0.079462 seconds .

========================================================================
Received Import Request.
  Time since last request: 0.000229 seconds.
  path: Assets/Assets/House/Slavic World Free/Resources/LOD3/EA_Items_House_bowl_wod.fbx
  artifactKey: Guid(12da85f96e7b10748997a139f608eaef) Importer(815301076,1909f56bfc062723c751e8b465ee728b)
Start importing Assets/Assets/House/Slavic World Free/Resources/LOD3/EA_Items_House_bowl_wod.fbx using Guid(12da85f96e7b10748997a139f608eaef) Importer(815301076,1909f56bfc062723c751e8b465ee728b)  -> (artifact id: '9661dfa2d1274f6ef0b57ccc7528d74c') in 0.051578 seconds 
  Import took 0.055689 seconds .

========================================================================
Received Import Request.
  Time since last request: 0.000204 seconds.
  path: Assets/Assets/House/Slavic World Free/Resources/LOD3/EA03_Prop_Brushwood_03a.fbx
  artifactKey: Guid(7711dbac294ab964da7ef592d0a651b0) Importer(815301076,1909f56bfc062723c751e8b465ee728b)
Start importing Assets/Assets/House/Slavic World Free/Resources/LOD3/EA03_Prop_Brushwood_03a.fbx using Guid(7711dbac294ab964da7ef592d0a651b0) Importer(815301076,1909f56bfc062723c751e8b465ee728b)  -> (artifact id: 'e5145482f2e9c7a29c261c6ba93a65a4') in 0.047761 seconds 
  Import took 0.051037 seconds .

========================================================================
Received Import Request.
  Time since last request: 0.000151 seconds.
  path: Assets/Assets/House/Slavic World Free/Resources/LOD4/EA03_Prop_House_Shutter_01e.fbx
  artifactKey: Guid(3f5532580310a2d459f769441f1c781b) Importer(815301076,1909f56bfc062723c751e8b465ee728b)
Start importing Assets/Assets/House/Slavic World Free/Resources/LOD4/EA03_Prop_House_Shutter_01e.fbx using Guid(3f5532580310a2d459f769441f1c781b) Importer(815301076,1909f56bfc062723c751e8b465ee728b)  -> (artifact id: '61af56a9015dcee36a7c415602576ada') in 0.053482 seconds 
  Import took 0.057087 seconds .

========================================================================
Received Import Request.
  Time since last request: 0.000231 seconds.
  path: Assets/Assets/House/Slavic World Free/Resources/LOD3/EA03_Prop_House_Stove_01b.fbx
  artifactKey: Guid(e64ea82d588c49545958c888183be02d) Importer(815301076,1909f56bfc062723c751e8b465ee728b)
Start importing Assets/Assets/House/Slavic World Free/Resources/LOD3/EA03_Prop_House_Stove_01b.fbx using Guid(e64ea82d588c49545958c888183be02d) Importer(815301076,1909f56bfc062723c751e8b465ee728b)  -> (artifact id: '8135d002cd7c014e71b1d29f0070d02a') in 0.044928 seconds 
  Import took 0.048678 seconds .

========================================================================
Received Import Request.
  Time since last request: 0.000208 seconds.
  path: Assets/Assets/House/Slavic World Free/Resources/LOD3/EA03_Prop_Pillow_01d.fbx
  artifactKey: Guid(642bbb7897dcde44e9917d410cac5309) Importer(815301076,1909f56bfc062723c751e8b465ee728b)
Start importing Assets/Assets/House/Slavic World Free/Resources/LOD3/EA03_Prop_Pillow_01d.fbx using Guid(642bbb7897dcde44e9917d410cac5309) Importer(815301076,1909f56bfc062723c751e8b465ee728b)  -> (artifact id: 'fff773bf08228873453ccfda1b87eb3c') in 0.046242 seconds 
  Import took 0.049834 seconds .

========================================================================
Received Import Request.
  Time since last request: 0.000139 seconds.
  path: Assets/Assets/House/Slavic World Free/Resources/LOD3/EA_Items_House_cauldron_01a.fbx
  artifactKey: Guid(18e6697db3d760b458f4b70bc98f7d15) Importer(815301076,1909f56bfc062723c751e8b465ee728b)
Start importing Assets/Assets/House/Slavic World Free/Resources/LOD3/EA_Items_House_cauldron_01a.fbx using Guid(18e6697db3d760b458f4b70bc98f7d15) Importer(815301076,1909f56bfc062723c751e8b465ee728b)  -> (artifact id: 'c54b2049c226b0f37261592f4d2f39e6') in 0.045336 seconds 
  Import took 0.048567 seconds .

========================================================================
Received Import Request.
  Time since last request: 0.000178 seconds.
  path: Assets/Assets/House/Slavic World Free/Resources/LOD3/EA03_Prop_Container_Bale_01a.fbx
  artifactKey: Guid(b46259b262101f3409567ebbc98c8247) Importer(815301076,1909f56bfc062723c751e8b465ee728b)
Start importing Assets/Assets/House/Slavic World Free/Resources/LOD3/EA03_Prop_Container_Bale_01a.fbx using Guid(b46259b262101f3409567ebbc98c8247) Importer(815301076,1909f56bfc062723c751e8b465ee728b)  -> (artifact id: 'cdde610143f5a99eec1586a3f579b2b4') in 0.045238 seconds 
  Import took 0.048212 seconds .

========================================================================
Received Import Request.
  Time since last request: 0.000168 seconds.
  path: Assets/Assets/House/Slavic World Free/Resources/LOD4/EA03_Village_Balcony_R_01a.fbx
  artifactKey: Guid(3cdab808e659dab48a77f94903885475) Importer(815301076,1909f56bfc062723c751e8b465ee728b)
Start importing Assets/Assets/House/Slavic World Free/Resources/LOD4/EA03_Village_Balcony_R_01a.fbx using Guid(3cdab808e659dab48a77f94903885475) Importer(815301076,1909f56bfc062723c751e8b465ee728b)  -> (artifact id: '29b089b7894a176b28914a756f971c21') in 0.051316 seconds 
  Import took 0.054387 seconds .

========================================================================
Received Import Request.
  Time since last request: 0.000186 seconds.
  path: Assets/Assets/House/Slavic World Free/Resources/LOD3/EA03_Prop_Town_Bench_01b.fbx
  artifactKey: Guid(8647ab6061606654c8ae1905d1949196) Importer(815301076,1909f56bfc062723c751e8b465ee728b)
Start importing Assets/Assets/House/Slavic World Free/Resources/LOD3/EA03_Prop_Town_Bench_01b.fbx using Guid(8647ab6061606654c8ae1905d1949196) Importer(815301076,1909f56bfc062723c751e8b465ee728b)  -> (artifact id: '174614a04d3596f6e238cf65e2cbb218') in 0.053547 seconds 
  Import took 0.056831 seconds .

========================================================================
Received Import Request.
  Time since last request: 0.000158 seconds.
  path: Assets/Assets/House/Slavic World Free/Resources/LOD3/EA03_Nature_Tree_03b.fbx
  artifactKey: Guid(4d1c05dfe6108f84698a160ee267841f) Importer(815301076,1909f56bfc062723c751e8b465ee728b)
Start importing Assets/Assets/House/Slavic World Free/Resources/LOD3/EA03_Nature_Tree_03b.fbx using Guid(4d1c05dfe6108f84698a160ee267841f) Importer(815301076,1909f56bfc062723c751e8b465ee728b)  -> (artifact id: '74fde71d8248f7f142906269814f2717') in 0.049448 seconds 
  Import took 0.052432 seconds .

========================================================================
Received Import Request.
  Time since last request: 0.000235 seconds.
  path: Assets/Assets/House/Slavic World Free/Resources/LOD3/EA03_Prop_Container_Crate_01a.fbx
  artifactKey: Guid(c0c7b14491863c241a11772765f86d07) Importer(815301076,1909f56bfc062723c751e8b465ee728b)
Start importing Assets/Assets/House/Slavic World Free/Resources/LOD3/EA03_Prop_Container_Crate_01a.fbx using Guid(c0c7b14491863c241a11772765f86d07) Importer(815301076,1909f56bfc062723c751e8b465ee728b)  -> (artifact id: '69cdc586c93dcb5afd258fcb39da0c59') in 0.060086 seconds 
  Import took 0.063909 seconds .

========================================================================
Received Import Request.
  Time since last request: 0.000180 seconds.
  path: Assets/Assets/House/Slavic World Free/Resources/LOD3/EA03_Items_House_Corn_01a.fbx
  artifactKey: Guid(9d00add0f73545e43b7bdecefc895d63) Importer(815301076,1909f56bfc062723c751e8b465ee728b)
Start importing Assets/Assets/House/Slavic World Free/Resources/LOD3/EA03_Items_House_Corn_01a.fbx using Guid(9d00add0f73545e43b7bdecefc895d63) Importer(815301076,1909f56bfc062723c751e8b465ee728b)  -> (artifact id: 'dca7222a8eafab04cffa556335e67601') in 0.044697 seconds 
  Import took 0.047643 seconds .

========================================================================
Received Import Request.
  Time since last request: 0.000227 seconds.
  path: Assets/Assets/House/Slavic World Free/Resources/LOD3/EA03_Prop_Tabble_02a.fbx
  artifactKey: Guid(f4ce1aacfc1c4fe458d340af857e9d79) Importer(815301076,1909f56bfc062723c751e8b465ee728b)
Start importing Assets/Assets/House/Slavic World Free/Resources/LOD3/EA03_Prop_Tabble_02a.fbx using Guid(f4ce1aacfc1c4fe458d340af857e9d79) Importer(815301076,1909f56bfc062723c751e8b465ee728b)  -> (artifact id: 'd0e188990e82f7cbac0506e292cc113e') in 0.048521 seconds 
  Import took 0.051401 seconds .

========================================================================
Received Import Request.
  Time since last request: 0.000154 seconds.
  path: Assets/Assets/House/Slavic World Free/Resources/LOD3/EA03_Fence_Plank_02b.fbx
  artifactKey: Guid(9a6b68b124304da48b60c294a6e0376c) Importer(815301076,1909f56bfc062723c751e8b465ee728b)
Start importing Assets/Assets/House/Slavic World Free/Resources/LOD3/EA03_Fence_Plank_02b.fbx using Guid(9a6b68b124304da48b60c294a6e0376c) Importer(815301076,1909f56bfc062723c751e8b465ee728b)  -> (artifact id: '007a774214ceb4e5443e0a82e723fd26') in 0.062117 seconds 
  Import took 0.065420 seconds .

========================================================================
Received Import Request.
  Time since last request: 0.000275 seconds.
  path: Assets/Assets/House/Slavic World Free/Resources/LOD3/EA03_Prop_Container_Bag_02a.fbx
  artifactKey: Guid(a018acf8aa42612409be67810b627e4c) Importer(815301076,1909f56bfc062723c751e8b465ee728b)
Start importing Assets/Assets/House/Slavic World Free/Resources/LOD3/EA03_Prop_Container_Bag_02a.fbx using Guid(a018acf8aa42612409be67810b627e4c) Importer(815301076,1909f56bfc062723c751e8b465ee728b)  -> (artifact id: '104945e0b9817128cd63d43a503d96fb') in 0.050304 seconds 
  Import took 0.053797 seconds .

========================================================================
Received Import Request.
  Time since last request: 0.000143 seconds.
  path: Assets/Assets/House/Slavic World Free/Resources/LOD3/EA_Items_House_mug_01b.fbx
  artifactKey: Guid(9ed8f0123ad60624e87f3ddcd0949986) Importer(815301076,1909f56bfc062723c751e8b465ee728b)
Start importing Assets/Assets/House/Slavic World Free/Resources/LOD3/EA_Items_House_mug_01b.fbx using Guid(9ed8f0123ad60624e87f3ddcd0949986) Importer(815301076,1909f56bfc062723c751e8b465ee728b)  -> (artifact id: 'e1d3a6c91f95161ad2acec77e251d5a8') in 0.052392 seconds 
  Import took 0.055719 seconds .

========================================================================
Received Import Request.
  Time since last request: 0.000171 seconds.
  path: Assets/Assets/House/Slavic World Free/Resources/LOD3/EA_Items_House_kettle_01a.fbx
  artifactKey: Guid(938d24eb3c15ada4f9e3900c8cc3bfa7) Importer(815301076,1909f56bfc062723c751e8b465ee728b)
Start importing Assets/Assets/House/Slavic World Free/Resources/LOD3/EA_Items_House_kettle_01a.fbx using Guid(938d24eb3c15ada4f9e3900c8cc3bfa7) Importer(815301076,1909f56bfc062723c751e8b465ee728b)  -> (artifact id: 'aad7b2be670ea13b9e34add791682a67') in 0.052035 seconds 
  Import took 0.054619 seconds .

========================================================================
Received Import Request.
  Time since last request: 0.000191 seconds.
  path: Assets/Assets/House/Slavic World Free/Resources/LOD3/EA03_Prop_Town_AnimalSkin_01c.fbx
  artifactKey: Guid(e9a9eff224f379e4ab249584f7ed4a0b) Importer(815301076,1909f56bfc062723c751e8b465ee728b)
Start importing Assets/Assets/House/Slavic World Free/Resources/LOD3/EA03_Prop_Town_AnimalSkin_01c.fbx using Guid(e9a9eff224f379e4ab249584f7ed4a0b) Importer(815301076,1909f56bfc062723c751e8b465ee728b)  -> (artifact id: 'fc50c197422e1c0a00da2c06e868852e') in 0.043805 seconds 
  Import took 0.047251 seconds .

========================================================================
Received Import Request.
  Time since last request: 0.000147 seconds.
  path: Assets/Assets/House/Slavic World Free/Resources/LOD4/EA03_Village_Hut_Wall_Painted_Side_02e.fbx
  artifactKey: Guid(9812e6affbcc3744f97cd1c6a266bacb) Importer(815301076,1909f56bfc062723c751e8b465ee728b)
Start importing Assets/Assets/House/Slavic World Free/Resources/LOD4/EA03_Village_Hut_Wall_Painted_Side_02e.fbx using Guid(9812e6affbcc3744f97cd1c6a266bacb) Importer(815301076,1909f56bfc062723c751e8b465ee728b)  -> (artifact id: '5113ae42365fab34e178bb36641274ba') in 0.052628 seconds 
  Import took 0.056217 seconds .

========================================================================
Received Import Request.
  Time since last request: 0.000162 seconds.
  path: Assets/Assets/House/Slavic World Free/Resources/LOD3/EA03_Environment_Rock_Head_01a.fbx
  artifactKey: Guid(d4fd32c3fd3334f429f4b01b3068c916) Importer(815301076,1909f56bfc062723c751e8b465ee728b)
Start importing Assets/Assets/House/Slavic World Free/Resources/LOD3/EA03_Environment_Rock_Head_01a.fbx using Guid(d4fd32c3fd3334f429f4b01b3068c916) Importer(815301076,1909f56bfc062723c751e8b465ee728b)  -> (artifact id: '6961db1450ff7f4fc797aea689bc41ad') in 0.047827 seconds 
  Import took 0.050722 seconds .

========================================================================
Received Import Request.
  Time since last request: 0.000174 seconds.
  path: Assets/Assets/House/Slavic World Free/Resources/LOD3/EA03_Prop_Town_Bed_01a.004.fbx
  artifactKey: Guid(34a3e6c5d7f9337469118e21236729ab) Importer(815301076,1909f56bfc062723c751e8b465ee728b)
Start importing Assets/Assets/House/Slavic World Free/Resources/LOD3/EA03_Prop_Town_Bed_01a.004.fbx using Guid(34a3e6c5d7f9337469118e21236729ab) Importer(815301076,1909f56bfc062723c751e8b465ee728b)  -> (artifact id: 'd878e11cf542c3a3a4a7a1f0e7338752') in 0.047019 seconds 
  Import took 0.050494 seconds .

========================================================================
Received Import Request.
  Time since last request: 0.000165 seconds.
  path: Assets/Assets/House/Slavic World Free/Resources/LOD3/EA_Items_House_mug_02a.fbx
  artifactKey: Guid(0ce66a9e7766dc7459519ea22d100950) Importer(815301076,1909f56bfc062723c751e8b465ee728b)
Start importing Assets/Assets/House/Slavic World Free/Resources/LOD3/EA_Items_House_mug_02a.fbx using Guid(0ce66a9e7766dc7459519ea22d100950) Importer(815301076,1909f56bfc062723c751e8b465ee728b)  -> (artifact id: 'e0164fa54fb22615eb9df0183f27c014') in 0.049993 seconds 
  Import took 0.052539 seconds .

========================================================================
Received Import Request.
  Time since last request: 0.000247 seconds.
  path: Assets/Assets/House/Slavic World Free/Resources/LOD3/EA_Items_House_cauldron_soup_01a.fbx
  artifactKey: Guid(eb40964df52421b4eb9f339426df2791) Importer(815301076,1909f56bfc062723c751e8b465ee728b)
Start importing Assets/Assets/House/Slavic World Free/Resources/LOD3/EA_Items_House_cauldron_soup_01a.fbx using Guid(eb40964df52421b4eb9f339426df2791) Importer(815301076,1909f56bfc062723c751e8b465ee728b)  -> (artifact id: 'f4ea721d44f88997af8231a841982287') in 0.062547 seconds 
  Import took 0.066070 seconds .

========================================================================
Received Import Request.
  Time since last request: 0.000255 seconds.
  path: Assets/Assets/House/Slavic World Free/Resources/LOD4/EA03_Village_Hut_Wall_Front_02i.fbx
  artifactKey: Guid(04e6236850221664a92860d51717c846) Importer(815301076,1909f56bfc062723c751e8b465ee728b)
Start importing Assets/Assets/House/Slavic World Free/Resources/LOD4/EA03_Village_Hut_Wall_Front_02i.fbx using Guid(04e6236850221664a92860d51717c846) Importer(815301076,1909f56bfc062723c751e8b465ee728b)  -> (artifact id: 'e80cd06861622ccb37267689288ca812') in 0.054708 seconds 
  Import took 0.058422 seconds .

========================================================================
Received Import Request.
  Time since last request: 0.000194 seconds.
  path: Assets/Assets/House/Slavic World Free/Resources/LOD4/EA03_Village_Hut_Wall_Painted_Front_02a.fbx
  artifactKey: Guid(1ce8c072405e7274fa145d02a18fac73) Importer(815301076,1909f56bfc062723c751e8b465ee728b)
Start importing Assets/Assets/House/Slavic World Free/Resources/LOD4/EA03_Village_Hut_Wall_Painted_Front_02a.fbx using Guid(1ce8c072405e7274fa145d02a18fac73) Importer(815301076,1909f56bfc062723c751e8b465ee728b)  -> (artifact id: '50585a563bb92b1eba6355e81fa0430e') in 0.054125 seconds 
  Import took 0.057152 seconds .

========================================================================
Received Import Request.
  Time since last request: 0.000164 seconds.
  path: Assets/Assets/House/Slavic World Free/Resources/LOD3/EA_Items_House_cauldron_01d.fbx
  artifactKey: Guid(d586b1c8084ec0f41a977d8fcc404990) Importer(815301076,1909f56bfc062723c751e8b465ee728b)
Start importing Assets/Assets/House/Slavic World Free/Resources/LOD3/EA_Items_House_cauldron_01d.fbx using Guid(d586b1c8084ec0f41a977d8fcc404990) Importer(815301076,1909f56bfc062723c751e8b465ee728b)  -> (artifact id: '4d9af5890be6ceac4c51d83bd250350e') in 0.050417 seconds 
  Import took 0.053768 seconds .

========================================================================
Received Import Request.
  Time since last request: 0.000217 seconds.
  path: Assets/Assets/House/Slavic World Free/Resources/LOD3/EA_Items_House_bowl_metal_01c.fbx
  artifactKey: Guid(bb6405d0387f01a49a96a321a75e3ab9) Importer(815301076,1909f56bfc062723c751e8b465ee728b)
Start importing Assets/Assets/House/Slavic World Free/Resources/LOD3/EA_Items_House_bowl_metal_01c.fbx using Guid(bb6405d0387f01a49a96a321a75e3ab9) Importer(815301076,1909f56bfc062723c751e8b465ee728b)  -> (artifact id: 'cc8400e9d28ec45a8354828cd8a873aa') in 0.050945 seconds 
  Import took 0.053965 seconds .

========================================================================
Received Import Request.
  Time since last request: 0.000174 seconds.
  path: Assets/Assets/House/Slavic World Free/Resources/LOD3/EA03_Prop_Town_Bench_01a.fbx
  artifactKey: Guid(1fbffa5408e364f4f81ae10cf69ba3cd) Importer(815301076,1909f56bfc062723c751e8b465ee728b)
Start importing Assets/Assets/House/Slavic World Free/Resources/LOD3/EA03_Prop_Town_Bench_01a.fbx using Guid(1fbffa5408e364f4f81ae10cf69ba3cd) Importer(815301076,1909f56bfc062723c751e8b465ee728b)  -> (artifact id: '4b3f01d4be25d7640e8aa74deab891d7') in 0.050277 seconds 
  Import took 0.053284 seconds .

========================================================================
Received Import Request.
  Time since last request: 0.000189 seconds.
  path: Assets/Assets/House/Slavic World Free/Resources/LOD4/EA03_Village_OutBuilding_Cubby_01d.fbx
  artifactKey: Guid(6ee362c65b6f7d0468ee697b6fa177f4) Importer(815301076,1909f56bfc062723c751e8b465ee728b)
Start importing Assets/Assets/House/Slavic World Free/Resources/LOD4/EA03_Village_OutBuilding_Cubby_01d.fbx using Guid(6ee362c65b6f7d0468ee697b6fa177f4) Importer(815301076,1909f56bfc062723c751e8b465ee728b)  -> (artifact id: 'a6d76ebcb4b36876fafa90dcf0bde308') in 0.055831 seconds 
  Import took 0.058839 seconds .

========================================================================
Received Import Request.
  Time since last request: 0.000188 seconds.
  path: Assets/Assets/House/Slavic World Free/Resources/LOD3/EA03_Items_House_Apple_01b.fbx
  artifactKey: Guid(683aa6683b22b244287d19b08050959c) Importer(815301076,1909f56bfc062723c751e8b465ee728b)
Start importing Assets/Assets/House/Slavic World Free/Resources/LOD3/EA03_Items_House_Apple_01b.fbx using Guid(683aa6683b22b244287d19b08050959c) Importer(815301076,1909f56bfc062723c751e8b465ee728b)  -> (artifact id: '66eddee78a18dcf4d90dced8ba17c05a') in 0.044458 seconds 
  Import took 0.048202 seconds .

========================================================================
Received Import Request.
  Time since last request: 0.000174 seconds.
  path: Assets/Assets/House/Slavic World Free/Resources/LOD3/EA03_Prop_Crate_Under_Ceiling_01b.fbx
  artifactKey: Guid(25630030e2eaee246b24778a07935e05) Importer(815301076,1909f56bfc062723c751e8b465ee728b)
Start importing Assets/Assets/House/Slavic World Free/Resources/LOD3/EA03_Prop_Crate_Under_Ceiling_01b.fbx using Guid(25630030e2eaee246b24778a07935e05) Importer(815301076,1909f56bfc062723c751e8b465ee728b)  -> (artifact id: '3118adec463be7752ae392c5b6a1cdcb') in 0.050043 seconds 
  Import took 0.053749 seconds .

========================================================================
Received Import Request.
  Time since last request: 0.000220 seconds.
  path: Assets/Assets/House/Slavic World Free/Resources/LOD3/EA03_Items_House_Carrot_01a.fbx
  artifactKey: Guid(1f99f3cf77ae55146affb1811e50c8ce) Importer(815301076,1909f56bfc062723c751e8b465ee728b)
Start importing Assets/Assets/House/Slavic World Free/Resources/LOD3/EA03_Items_House_Carrot_01a.fbx using Guid(1f99f3cf77ae55146affb1811e50c8ce) Importer(815301076,1909f56bfc062723c751e8b465ee728b)  -> (artifact id: '25ef09fee40b12e9835fe1bc8a74c21a') in 0.049405 seconds 
  Import took 0.052849 seconds .

========================================================================
Received Import Request.
  Time since last request: 0.000191 seconds.
  path: Assets/Assets/House/Slavic World Free/Resources/LOD4/EA03_Town_Building_Administrative _01a.fbx
  artifactKey: Guid(8c06a8469c34d86469295b9327c93b4e) Importer(815301076,1909f56bfc062723c751e8b465ee728b)
Start importing Assets/Assets/House/Slavic World Free/Resources/LOD4/EA03_Town_Building_Administrative _01a.fbx using Guid(8c06a8469c34d86469295b9327c93b4e) Importer(815301076,1909f56bfc062723c751e8b465ee728b)  -> (artifact id: '262b9ae2cebdd4bb0860ce57a2f9ba06') in 0.078661 seconds 
  Import took 0.081814 seconds .

========================================================================
Received Import Request.
  Time since last request: 0.000184 seconds.
  path: Assets/Assets/House/Slavic World Free/Resources/LOD4/EA03_Town_Ill_Roof_01a.fbx
  artifactKey: Guid(a24843a2bac54d949b6ed63cef4f50ab) Importer(815301076,1909f56bfc062723c751e8b465ee728b)
Start importing Assets/Assets/House/Slavic World Free/Resources/LOD4/EA03_Town_Ill_Roof_01a.fbx using Guid(a24843a2bac54d949b6ed63cef4f50ab) Importer(815301076,1909f56bfc062723c751e8b465ee728b)  -> (artifact id: '70cd8d8d1c237daaa3d5aa9b3ca1a4a8') in 0.059778 seconds 
  Import took 0.063111 seconds .

========================================================================
Received Import Request.
  Time since last request: 0.000191 seconds.
  path: Assets/Assets/House/Slavic World Free/Resources/LOD4/EA03_Village_Hut_Wall_Painted_Side_02c.fbx
  artifactKey: Guid(0941fc100f37a6b4babe0bc7ec19a532) Importer(815301076,1909f56bfc062723c751e8b465ee728b)
Start importing Assets/Assets/House/Slavic World Free/Resources/LOD4/EA03_Village_Hut_Wall_Painted_Side_02c.fbx using Guid(0941fc100f37a6b4babe0bc7ec19a532) Importer(815301076,1909f56bfc062723c751e8b465ee728b)  -> (artifact id: '838082de48e2635e9812d138c574f7fc') in 0.067405 seconds 
  Import took 0.071071 seconds .

========================================================================
Received Import Request.
  Time since last request: 0.000168 seconds.
  path: Assets/Assets/House/Slavic World Free/Resources/LOD4/EA03_Village_Hut_Ceiling_01e.fbx
  artifactKey: Guid(de708639cc9e7e2429d0f70d6792357f) Importer(815301076,1909f56bfc062723c751e8b465ee728b)
Start importing Assets/Assets/House/Slavic World Free/Resources/LOD4/EA03_Village_Hut_Ceiling_01e.fbx using Guid(de708639cc9e7e2429d0f70d6792357f) Importer(815301076,1909f56bfc062723c751e8b465ee728b)  -> (artifact id: '423fc3cf344b9a45e86ddc0f55eacf09') in 0.055572 seconds 
  Import took 0.058885 seconds .

========================================================================
Received Import Request.
  Time since last request: 0.000170 seconds.
  path: Assets/Assets/House/Slavic World Free/Resources/LOD3/EA03_Prop_Tabble_01a.fbx
  artifactKey: Guid(182a919d67edf954198ec0f464311a5d) Importer(815301076,1909f56bfc062723c751e8b465ee728b)
Start importing Assets/Assets/House/Slavic World Free/Resources/LOD3/EA03_Prop_Tabble_01a.fbx using Guid(182a919d67edf954198ec0f464311a5d) Importer(815301076,1909f56bfc062723c751e8b465ee728b)  -> (artifact id: '02109a2b1fe527273f0f90ffd3e37586') in 0.054843 seconds 
  Import took 0.058153 seconds .

========================================================================
Received Import Request.
  Time since last request: 0.000191 seconds.
  path: Assets/Assets/House/Slavic World Free/Resources/LOD3/EA_Items_House_spoon_wooden_03.fbx
  artifactKey: Guid(f5ec718ca794918469b599f90e27fe2d) Importer(815301076,1909f56bfc062723c751e8b465ee728b)
Start importing Assets/Assets/House/Slavic World Free/Resources/LOD3/EA_Items_House_spoon_wooden_03.fbx using Guid(f5ec718ca794918469b599f90e27fe2d) Importer(815301076,1909f56bfc062723c751e8b465ee728b)  -> (artifact id: '3bd4df5ff74d05c444c714751f63f687') in 0.054476 seconds 
  Import took 0.057806 seconds .

========================================================================
Received Import Request.
  Time since last request: 0.000206 seconds.
  path: Assets/Assets/House/Slavic World Free/Resources/LOD3/EA03_Items_House_Cup_01a.fbx
  artifactKey: Guid(a1da319082eff5a4b9df4b85ef047790) Importer(815301076,1909f56bfc062723c751e8b465ee728b)
Start importing Assets/Assets/House/Slavic World Free/Resources/LOD3/EA03_Items_House_Cup_01a.fbx using Guid(a1da319082eff5a4b9df4b85ef047790) Importer(815301076,1909f56bfc062723c751e8b465ee728b)  -> (artifact id: '5fbc369c27ad1f1efad978995e4d67d6') in 0.050026 seconds 
  Import took 0.053525 seconds .

========================================================================
Received Import Request.
  Time since last request: 0.000256 seconds.
  path: Assets/Assets/House/Slavic World Free/Resources/LOD4/EA03_Town_Ill_Roof_01b.fbx
  artifactKey: Guid(752cdcbf93262af44a9a365bc1aae4f6) Importer(815301076,1909f56bfc062723c751e8b465ee728b)
Start importing Assets/Assets/House/Slavic World Free/Resources/LOD4/EA03_Town_Ill_Roof_01b.fbx using Guid(752cdcbf93262af44a9a365bc1aae4f6) Importer(815301076,1909f56bfc062723c751e8b465ee728b)  -> (artifact id: 'b41abb4d205729fd642a391c90360dcc') in 0.060496 seconds 
  Import took 0.064467 seconds .

AssetImportWorkerClient::OnTransportError - code=2 error=End of file
